<?xml version="1.0" encoding="UTF-8"?>
<!-- Generated by org.testng.reporters.JUnitReportReporter -->
<testsuite hostname="CDL-MBP-08s-MacBook-Pro.local" failures="0" tests="2" name="Selenium_Assignments.Assignment3" time="6.964" errors="0" timestamp="2025-07-22T22:58:55 IST" skipped="0">
  <testcase classname="Selenium_Assignments.Assignment3" name="loginTest" time="4.482"/>
  <testcase classname="Selenium_Assignments.Assignment3" name="loginTest" time="2.482"/>
</testsuite> <!-- Selenium_Assignments.Assignment3 -->
