<?xml version="1.0" encoding="UTF-8"?>
<!-- Generated by org.testng.reporters.JUnitReportReporter -->
<testsuite hostname="CDL-MBP-08s-MacBook-Pro.local" failures="0" tests="1" name="Selenium_Assignments.ApachePOILoginAssignment4" time="21.114" errors="0" timestamp="2025-07-23T00:35:19 IST" skipped="0">
  <testcase classname="Selenium_Assignments.ApachePOILoginAssignment4" name="loginUsingExcel" time="21.114"/>
</testsuite> <!-- Selenium_Assignments.ApachePOILoginAssignment4 -->
